<?xml version="1.0" encoding="UTF-8"?>
<!-- Generated by org.testng.reporters.JUnitXMLReporter -->
<testsuite ignored="0" hostname="Kirans-MacBook-Pro.local" failures="0" tests="4" name="Default test" time="30.098" errors="0" timestamp="2024-07-26T23:19:05 BST">
  <testcase classname="com.sportyshoes.login.LoginTests" name="verifyLoginPageWithInvalidEmailId" time="1.117"/>
  <testcase classname="com.sportyshoes.login.LoginTests" name="verifyLoginPageWithInvalidEmailIdandInvalidPassword" time="1.101"/>
  <testcase classname="com.sportyshoes.login.LoginTests" name="verifyLoginPageWithValidUserDetails" time="1.089"/>
  <testcase classname="com.sportyshoes.login.LoginTests" name="verifyLoginPageWithvalidEmailIdandInvalidPassword" time="1.136"/>
</testsuite> <!-- Default test -->
