<?xml version="1.0" encoding="UTF-8"?>
<!-- Generated by org.testng.reporters.JUnitXMLReporter -->
<testsuite ignored="0" hostname="Kirans-MacBook-Pro.local" failures="0" tests="5" name="AddToCart Page Test" time="39.104" errors="0" timestamp="2024-07-26T23:23:26 BST">
  <testcase classname="com.sportyshoes.addtocart.AddToCartTest" name="validateOneItemAddToCartAndCheckout" time="2.095"/>
  <testcase classname="com.sportyshoes.addtocart.AddToCartTest" name="validateTwoItemAddToCartAndCheckout" time="2.268"/>
  <testcase classname="com.sportyshoes.addtocart.AddToCartTest" name="verifyUserAbleToViewtProduct" time="1.234"/>
  <testcase classname="com.sportyshoes.addtocart.AddToCartTest" name="verifyUserToSelectandAddToCartProduct" time="1.466"/>
  <testcase classname="com.sportyshoes.addtocart.AddToCartTest" name="verifyUserToSelectandRemoveProduct" time="1.507"/>
</testsuite> <!-- AddToCart Page Test -->
