<?xml version="1.0" encoding="UTF-8"?>
<!-- Generated by org.testng.reporters.JUnitXMLReporter -->
<testsuite ignored="0" hostname="Kirans-MacBook-Pro.local" failures="0" tests="10" name="Login Page Test" time="75.499" errors="0" timestamp="2024-07-26T23:22:47 BST">
  <testcase classname="com.sportyshoes.login.LoginTests" name="verifyLoginPageWithInvalidEmailId" time="1.144"/>
  <testcase classname="com.sportyshoes.login.LoginTests" name="verifyLoginPageWithInvalidEmailIdandInvalidPassword" time="1.153"/>
  <testcase classname="com.sportyshoes.login.LoginTests" name="verifyLoginPageWithValidUserDetails" time="1.113"/>
  <testcase classname="com.sportyshoes.login.LoginTests" name="verifyLoginPageWithvalidEmailIdandInvalidPassword" time="1.115"/>
  <testcase classname="com.sportyshoes.login.EditProfileTests" name="verifyMemberAbleToEditProfile" time="1.746"/>
  <testcase classname="com.sportyshoes.login.EditProfileTests" name="verifyMemberAbleToViewEditProfilePage" time="1.215"/>
  <testcase classname="com.sportyshoes.login.EditProfileTests" name="verifyMemberNotAllowToUpdatePasswordWithInvalidConfirmPassword" time="1.648"/>
  <testcase classname="com.sportyshoes.login.EditProfileTests" name="verifyMemberNotAllowToUpdatePasswordWithInvalidPassword" time="1.725"/>
  <testcase classname="com.sportyshoes.login.EditProfileTests" name="verifyNotAllowtoUpdateEmptyFname" time="1.67"/>
  <testcase classname="com.sportyshoes.login.EditProfileTests" name="verifyNotAllowtoUpdateEmptyLname" time="1.756"/>
</testsuite> <!-- Login Page Test -->
